Zhaobiao/build/outputs/logs/manifest-merger-fir-release-report.txt
-- Merging decision tree log ---
manifest
ADDED from hy_android_zb\Zhaobiao\AndroidManifest.xml:2:1-535:12
	package
		ADDED from hy_android_zb\Zhaobiao\AndroidManifest.xml:4:5-34
	android:versionName
		ADDED from hy_android_zb\Zhaobiao\AndroidManifest.xml:7:5-32
		INJECTED from hy_android_zb\Zhaobiao\AndroidManifest.xml
		INJECTED from hy_android_zb\Zhaobiao\AndroidManifest.xml
	xmlns:tools
		ADDED from hy_android_zb\Zhaobiao\AndroidManifest.xml:3:5-51
	android:versionCode
		ADDED from hy_android_zb\Zhaobiao\AndroidManifest.xml:6:5-29
		INJECTED from hy_android_zb\Zhaobiao\AndroidManifest.xml
		INJECTED from hy_android_zb\Zhaobiao\AndroidManifest.xml
	xmlns:android
		ADDED from hy_android_zb\Zhaobiao\AndroidManifest.xml:2:11-69
	android:installLocation
		ADDED from hy_android_zb\Zhaobiao\AndroidManifest.xml:5:5-35
uses-sdk
ADDED from hy_android_zb\Zhaobiao\AndroidManifest.xml:9:5-12:53
MERGED from [hy_android_zb:library:unspecified] AndroidManifest.xml:7:5-43
MERGED from [hy_android_zb:Commonlib:unspecified] AndroidManifest.xml:7:5-9:41
MERGED from [com.android.support:design:22.2.0] AndroidManifest.xml:20:5-43
MERGED from [com.android.support:appcompat-v7:22.2.0] AndroidManifest.xml:20:5-43
MERGED from [com.android.support:support-v4:22.2.1] AndroidManifest.xml:20:5-43
MERGED from [com.android.support:support-v4:22.2.1] AndroidManifest.xml:20:5-43
MERGED from [com.android.support:cardview-v7:23.0.1] AndroidManifest.xml:20:5-43
MERGED from [com.wuba.wuxian.sdk:login:0.0.9-SNAPSHOT] AndroidManifest.xml:7:5-9:41
MERGED from [com.android.support:support-v4:22.2.1] AndroidManifest.xml:20:5-43
MERGED from [com.wuba.wuxian.third:libammsdk:3.1.1] AndroidManifest.xml:7:5-9:41
MERGED from [com.wuba.wuxian.third:open_sdk:3.1.0] AndroidManifest.xml:7:5-9:41
MERGED from [com.wuba.wuxian.lib:lego:3.0.0] AndroidManifest.xml:7:5-9:41
MERGED from [com.wuba.wuxian.third:httpmime:4.2] AndroidManifest.xml:7:5-9:41
MERGED from [com.wuba.wuxian.third:weibosdkcore:3.1.2] AndroidManifest.xml:7:5-9:41
MERGED from [com.squareup.leakcanary:leakcanary-android-no-op:1.3] AndroidManifest.xml:20:5-22:41
	tools:overrideLibrary
		ADDED from hy_android_zb\Zhaobiao\AndroidManifest.xml:12:9-50
	android:targetSdkVersion
		ADDED from hy_android_zb\Zhaobiao\AndroidManifest.xml:11:9-38
	android:minSdkVersion
		ADDED from hy_android_zb\Zhaobiao\AndroidManifest.xml:10:9-35
uses-permission#android.permission.SEND_SMS
ADDED from hy_android_zb\Zhaobiao\AndroidManifest.xml:15:5-67
	android:name
		ADDED from hy_android_zb\Zhaobiao\AndroidManifest.xml:15:22-64
uses-permission#android.permission.INTERNET
ADDED from hy_android_zb\Zhaobiao\AndroidManifest.xml:16:5-67
MERGED from [com.wuba.wuxian.sdk:login:0.0.9-SNAPSHOT] AndroidManifest.xml:11:5-67
MERGED from [com.wuba.wuxian.lib:lego:3.0.0] AndroidManifest.xml:13:5-67
	android:name
		ADDED from hy_android_zb\Zhaobiao\AndroidManifest.xml:16:22-64
uses-permission#android.permission.ACCESS_NETWORK_STATE
ADDED from hy_android_zb\Zhaobiao\AndroidManifest.xml:17:5-79
MERGED from [com.wuba.wuxian.sdk:login:0.0.9-SNAPSHOT] AndroidManifest.xml:12:5-79
MERGED from [com.wuba.wuxian.lib:lego:3.0.0] AndroidManifest.xml:11:5-79
	android:name
		ADDED from hy_android_zb\Zhaobiao\AndroidManifest.xml:17:22-76
uses-permission#android.permission.CHANGE_WIFI_STATE
ADDED from hy_android_zb\Zhaobiao\AndroidManifest.xml:18:5-76
	android:name
		ADDED from hy_android_zb\Zhaobiao\AndroidManifest.xml:18:22-73
uses-permission#android.permission.ACCESS_WIFI_STATE
ADDED from hy_android_zb\Zhaobiao\AndroidManifest.xml:19:5-76
MERGED from [com.wuba.wuxian.sdk:login:0.0.9-SNAPSHOT] AndroidManifest.xml:13:5-76
MERGED from [com.wuba.wuxian.lib:lego:3.0.0] AndroidManifest.xml:12:5-76
	android:name
		ADDED from hy_android_zb\Zhaobiao\AndroidManifest.xml:19:22-73
uses-permission#android.permission.WAKE_LOCK
ADDED from hy_android_zb\Zhaobiao\AndroidManifest.xml:20:5-68
	android:name
		ADDED from hy_android_zb\Zhaobiao\AndroidManifest.xml:20:22-65
uses-permission#android.permission.RECEIVE_BOOT_COMPLETED
ADDED from hy_android_zb\Zhaobiao\AndroidManifest.xml:21:5-81
	android:name
		ADDED from hy_android_zb\Zhaobiao\AndroidManifest.xml:21:22-78
uses-permission#android.permission.WRITE_EXTERNAL_STORAGE
ADDED from hy_android_zb\Zhaobiao\AndroidManifest.xml:22:5-81
MERGED from [com.wuba.wuxian.sdk:login:0.0.9-SNAPSHOT] AndroidManifest.xml:15:5-81
MERGED from [com.wuba.wuxian.lib:lego:3.0.0] AndroidManifest.xml:14:5-81
	android:name
		ADDED from hy_android_zb\Zhaobiao\AndroidManifest.xml:22:22-78
uses-permission#android.permission.VIBRATE
ADDED from hy_android_zb\Zhaobiao\AndroidManifest.xml:23:5-66
	android:name
		ADDED from hy_android_zb\Zhaobiao\AndroidManifest.xml:23:22-63
uses-permission#android.permission.GET_TASKS
ADDED from hy_android_zb\Zhaobiao\AndroidManifest.xml:24:5-68
	android:name
		ADDED from hy_android_zb\Zhaobiao\AndroidManifest.xml:24:22-65
uses-permission#android.permission.BLUETOOTH
ADDED from hy_android_zb\Zhaobiao\AndroidManifest.xml:26:5-68
	android:name
		ADDED from hy_android_zb\Zhaobiao\AndroidManifest.xml:26:22-65
uses-permission#android.permission.BLUETOOTH_ADMIN
ADDED from hy_android_zb\Zhaobiao\AndroidManifest.xml:27:5-74
	android:name
		ADDED from hy_android_zb\Zhaobiao\AndroidManifest.xml:27:22-71
uses-permission#android.permission.ACCESS_FINE_LOCATION
ADDED from hy_android_zb\Zhaobiao\AndroidManifest.xml:29:5-79
	android:name
		ADDED from hy_android_zb\Zhaobiao\AndroidManifest.xml:29:22-76
uses-permission#android.permission.ACCESS_COARSE_LOCATION
ADDED from hy_android_zb\Zhaobiao\AndroidManifest.xml:30:5-81
	android:name
		ADDED from hy_android_zb\Zhaobiao\AndroidManifest.xml:30:22-78
uses-permission#android.permission.SYSTEM_ALERT_WINDOW
ADDED from hy_android_zb\Zhaobiao\AndroidManifest.xml:32:5-78
	android:name
		ADDED from hy_android_zb\Zhaobiao\AndroidManifest.xml:32:22-75
uses-permission#getui.permission.GetuiService.com.huangyezhaobiao
ADDED from hy_android_zb\Zhaobiao\AndroidManifest.xml:34:5-89
	android:name
		ADDED from hy_android_zb\Zhaobiao\AndroidManifest.xml:34:22-86
permission#getui.permission.GetuiService.com.huangyezhaobiao
ADDED from hy_android_zb\Zhaobiao\AndroidManifest.xml:36:5-38:44
	android:protectionLevel
		ADDED from hy_android_zb\Zhaobiao\AndroidManifest.xml:38:9-41
	android:name
		ADDED from hy_android_zb\Zhaobiao\AndroidManifest.xml:37:9-73
uses-permission#android.permission.READ_EXTERNAL_STORAGE
ADDED from hy_android_zb\Zhaobiao\AndroidManifest.xml:47:5-80
	android:name
		ADDED from hy_android_zb\Zhaobiao\AndroidManifest.xml:47:22-77
uses-permission#android.permission.READ_LOGS
ADDED from hy_android_zb\Zhaobiao\AndroidManifest.xml:48:5-68
	android:name
		ADDED from hy_android_zb\Zhaobiao\AndroidManifest.xml:48:22-65
uses-permission#android.permission.DISABLE_KEYGUARD
ADDED from hy_android_zb\Zhaobiao\AndroidManifest.xml:50:5-75
	android:name
		ADDED from hy_android_zb\Zhaobiao\AndroidManifest.xml:50:22-72
uses-permission#android.permission.READ_PHONE_STATE
ADDED from hy_android_zb\Zhaobiao\AndroidManifest.xml:55:5-75
MERGED from [com.wuba.wuxian.sdk:login:0.0.9-SNAPSHOT] AndroidManifest.xml:14:5-75
	android:name
		ADDED from hy_android_zb\Zhaobiao\AndroidManifest.xml:55:22-72
uses-permission#android.permission.CALL_PHONE
ADDED from hy_android_zb\Zhaobiao\AndroidManifest.xml:57:5-69
	android:name
		ADDED from hy_android_zb\Zhaobiao\AndroidManifest.xml:57:22-66
uses-permission#android.permission.RECORD_AUDIO
ADDED from hy_android_zb\Zhaobiao\AndroidManifest.xml:62:5-71
	android:name
		ADDED from hy_android_zb\Zhaobiao\AndroidManifest.xml:62:22-68
uses-permission#android.permission.CHANGE_NETWORK_STATE
ADDED from hy_android_zb\Zhaobiao\AndroidManifest.xml:68:5-79
	android:name
		ADDED from hy_android_zb\Zhaobiao\AndroidManifest.xml:68:22-76
uses-permission#android.permission.READ_CONTACTS
ADDED from hy_android_zb\Zhaobiao\AndroidManifest.xml:72:5-72
	android:name
		ADDED from hy_android_zb\Zhaobiao\AndroidManifest.xml:72:22-69
permission#com.huangyezhaobiao.permission.MIPUSH_RECEIVE
ADDED from hy_android_zb\Zhaobiao\AndroidManifest.xml:74:5-76:47
	android:protectionLevel
		ADDED from hy_android_zb\Zhaobiao\AndroidManifest.xml:76:9-44
	android:name
		ADDED from hy_android_zb\Zhaobiao\AndroidManifest.xml:75:9-69
uses-permission#com.huangyezhaobiao.permission.MIPUSH_RECEIVE
ADDED from hy_android_zb\Zhaobiao\AndroidManifest.xml:78:5-85
	android:name
		ADDED from hy_android_zb\Zhaobiao\AndroidManifest.xml:78:22-82
uses-permission#android.permission.PROCESS_OUTGOING_CALLS
ADDED from hy_android_zb\Zhaobiao\AndroidManifest.xml:80:5-81
	android:name
		ADDED from hy_android_zb\Zhaobiao\AndroidManifest.xml:80:22-78
uses-permission#android.permission.RESTART_PACKAGES
ADDED from hy_android_zb\Zhaobiao\AndroidManifest.xml:100:5-75
	android:name
		ADDED from hy_android_zb\Zhaobiao\AndroidManifest.xml:100:22-72
uses-permission#android.permission.BROADCAST_STICKY
ADDED from hy_android_zb\Zhaobiao\AndroidManifest.xml:101:5-75
	android:name
		ADDED from hy_android_zb\Zhaobiao\AndroidManifest.xml:101:22-72
uses-permission#android.permission.WRITE_SETTINGS
ADDED from hy_android_zb\Zhaobiao\AndroidManifest.xml:102:5-73
	android:name
		ADDED from hy_android_zb\Zhaobiao\AndroidManifest.xml:102:22-70
uses-permission#android.permission.RECEIVE_USER_PRESENT
ADDED from hy_android_zb\Zhaobiao\AndroidManifest.xml:103:5-79
	android:name
		ADDED from hy_android_zb\Zhaobiao\AndroidManifest.xml:103:22-76
uses-permission#android.permission.KILL_BACKGROUND_PROCESSES
ADDED from hy_android_zb\Zhaobiao\AndroidManifest.xml:106:5-84
	android:name
		ADDED from hy_android_zb\Zhaobiao\AndroidManifest.xml:106:22-81
uses-permission#android.permission.BATTERY_STATS
ADDED from hy_android_zb\Zhaobiao\AndroidManifest.xml:112:5-72
	android:name
		ADDED from hy_android_zb\Zhaobiao\AndroidManifest.xml:112:22-69
uses-permission#android.permission.MOUNT_UNMOUNT_FILESYSTEMS
ADDED from hy_android_zb\Zhaobiao\AndroidManifest.xml:115:5-84
	android:name
		ADDED from hy_android_zb\Zhaobiao\AndroidManifest.xml:115:22-81
application
ADDED from hy_android_zb\Zhaobiao\AndroidManifest.xml:118:5-533:19
MERGED from [hy_android_zb:library:unspecified] AndroidManifest.xml:9:5-20
MERGED from [com.android.support:design:22.2.0] AndroidManifest.xml:22:5-20
MERGED from [com.android.support:appcompat-v7:22.2.0] AndroidManifest.xml:22:5-20
MERGED from [com.android.support:support-v4:22.2.1] AndroidManifest.xml:22:5-20
MERGED from [com.android.support:support-v4:22.2.1] AndroidManifest.xml:22:5-20
MERGED from [com.android.support:cardview-v7:23.0.1] AndroidManifest.xml:22:5-20
MERGED from [com.wuba.wuxian.sdk:login:0.0.9-SNAPSHOT] AndroidManifest.xml:17:5-129:19
MERGED from [com.android.support:support-v4:22.2.1] AndroidManifest.xml:22:5-20
MERGED from [com.wuba.wuxian.third:libammsdk:3.1.1] AndroidManifest.xml:11:5-15:19
MERGED from [com.wuba.wuxian.third:open_sdk:3.1.0] AndroidManifest.xml:11:5-15:19
MERGED from [com.wuba.wuxian.lib:lego:3.0.0] AndroidManifest.xml:16:5-34:19
MERGED from [com.wuba.wuxian.third:httpmime:4.2] AndroidManifest.xml:11:5-15:19
MERGED from [com.wuba.wuxian.third:weibosdkcore:3.1.2] AndroidManifest.xml:11:5-15:19
	android:label
		ADDED from hy_android_zb\Zhaobiao\AndroidManifest.xml:121:9-41
	android:supportsRtl
		ADDED from [com.wuba.wuxian.sdk:login:0.0.9-SNAPSHOT] AndroidManifest.xml:19:9-35
	android:icon
		ADDED from hy_android_zb\Zhaobiao\AndroidManifest.xml:120:9-42
	android:largeHeap
		ADDED from hy_android_zb\Zhaobiao\AndroidManifest.xml:122:9-33
	android:persistent
		ADDED from hy_android_zb\Zhaobiao\AndroidManifest.xml:123:9-34
	android:allowBackup
		ADDED from [com.wuba.wuxian.sdk:login:0.0.9-SNAPSHOT] AndroidManifest.xml:18:9-35
	android:theme
		ADDED from hy_android_zb\Zhaobiao\AndroidManifest.xml:124:9-45
	android:name
		ADDED from hy_android_zb\Zhaobiao\AndroidManifest.xml:119:9-55
meta-data#io.fabric.ApiKey
ADDED from hy_android_zb\Zhaobiao\AndroidManifest.xml:127:9-129:72
	android:value
		ADDED from hy_android_zb\Zhaobiao\AndroidManifest.xml:129:13-69
	android:name
		ADDED from hy_android_zb\Zhaobiao\AndroidManifest.xml:128:13-44
meta-data#BaiduMobAd_STAT_ID
ADDED from hy_android_zb\Zhaobiao\AndroidManifest.xml:134:9-136:42
	android:value
		ADDED from hy_android_zb\Zhaobiao\AndroidManifest.xml:136:13-39
	android:name
		ADDED from hy_android_zb\Zhaobiao\AndroidManifest.xml:135:13-46
meta-data#BaiduMobAd_CHANNEL
ADDED from hy_android_zb\Zhaobiao\AndroidManifest.xml:139:9-141:54
	android:value
		ADDED from hy_android_zb\Zhaobiao\AndroidManifest.xml:141:13-51
		INJECTED from hy_android_zb\Zhaobiao\AndroidManifest.xml
	android:name
		ADDED from hy_android_zb\Zhaobiao\AndroidManifest.xml:140:13-46
meta-data#BaiduMobAd_EXCEPTION_LOG
ADDED from hy_android_zb\Zhaobiao\AndroidManifest.xml:144:9-146:37
	android:value
		ADDED from hy_android_zb\Zhaobiao\AndroidManifest.xml:146:13-34
	android:name
		ADDED from hy_android_zb\Zhaobiao\AndroidManifest.xml:145:13-52
meta-data#BaiduMobAd_SEND_STRATEGY
ADDED from hy_android_zb\Zhaobiao\AndroidManifest.xml:149:9-151:49
	android:value
		ADDED from hy_android_zb\Zhaobiao\AndroidManifest.xml:151:13-46
	android:name
		ADDED from hy_android_zb\Zhaobiao\AndroidManifest.xml:150:13-52
meta-data#PUSH_APPID
ADDED from hy_android_zb\Zhaobiao\AndroidManifest.xml:156:9-158:54
	android:value
		ADDED from hy_android_zb\Zhaobiao\AndroidManifest.xml:158:13-51
	android:name
		ADDED from hy_android_zb\Zhaobiao\AndroidManifest.xml:157:13-38
meta-data#PUSH_APPKEY
ADDED from hy_android_zb\Zhaobiao\AndroidManifest.xml:160:9-162:54
	android:value
		ADDED from hy_android_zb\Zhaobiao\AndroidManifest.xml:162:13-51
	android:name
		ADDED from hy_android_zb\Zhaobiao\AndroidManifest.xml:161:13-39
meta-data#PUSH_APPSECRET
ADDED from hy_android_zb\Zhaobiao\AndroidManifest.xml:164:9-166:54
	android:value
		ADDED from hy_android_zb\Zhaobiao\AndroidManifest.xml:166:13-51
	android:name
		ADDED from hy_android_zb\Zhaobiao\AndroidManifest.xml:165:13-42
receiver#com.huangyezhaobiao.push.GPushReceiver
ADDED from hy_android_zb\Zhaobiao\AndroidManifest.xml:169:9-175:20
	android:exported
		ADDED from hy_android_zb\Zhaobiao\AndroidManifest.xml:171:13-37
	android:name
		ADDED from hy_android_zb\Zhaobiao\AndroidManifest.xml:170:13-47
intent-filter#com.igexin.sdk.action.otNMzfOiCaAfiPCC1MVne9
ADDED from hy_android_zb\Zhaobiao\AndroidManifest.xml:172:13-174:29
action#com.igexin.sdk.action.otNMzfOiCaAfiPCC1MVne9
ADDED from hy_android_zb\Zhaobiao\AndroidManifest.xml:173:17-87
	android:name
		ADDED from hy_android_zb\Zhaobiao\AndroidManifest.xml:173:25-84
service#com.igexin.sdk.PushService
ADDED from hy_android_zb\Zhaobiao\AndroidManifest.xml:177:9-181:46
	android:process
		ADDED from hy_android_zb\Zhaobiao\AndroidManifest.xml:181:13-43
	android:label
		ADDED from hy_android_zb\Zhaobiao\AndroidManifest.xml:180:13-47
	android:exported
		ADDED from hy_android_zb\Zhaobiao\AndroidManifest.xml:179:13-36
	android:name
		ADDED from hy_android_zb\Zhaobiao\AndroidManifest.xml:178:13-54
service#com.huangyezhaobiao.service.GPushService
ADDED from hy_android_zb\Zhaobiao\AndroidManifest.xml:182:9-57
	android:name
		ADDED from hy_android_zb\Zhaobiao\AndroidManifest.xml:182:18-54
service#com.igexin.sdk.PushServiceUser
ADDED from hy_android_zb\Zhaobiao\AndroidManifest.xml:183:9-186:54
	android:label
		ADDED from hy_android_zb\Zhaobiao\AndroidManifest.xml:186:13-51
	android:exported
		ADDED from hy_android_zb\Zhaobiao\AndroidManifest.xml:185:13-36
	android:name
		ADDED from hy_android_zb\Zhaobiao\AndroidManifest.xml:184:13-58
receiver#com.igexin.sdk.PushReceiver
ADDED from hy_android_zb\Zhaobiao\AndroidManifest.xml:188:9-199:20
	android:name
		ADDED from hy_android_zb\Zhaobiao\AndroidManifest.xml:188:19-61
intent-filter#android.intent.action.ACTION_POWER_CONNECTED+android.intent.action.ACTION_POWER_DISCONNECTED+android.intent.action.BOOT_COMPLETED+android.intent.action.MEDIA_MOUNTED+android.intent.action.USER_PRESENT+android.net.conn.CONNECTIVITY_CHANGE+com.igexin.sdk.action.refreshls
ADDED from hy_android_zb\Zhaobiao\AndroidManifest.xml:189:13-198:29
action#android.intent.action.BOOT_COMPLETED
ADDED from hy_android_zb\Zhaobiao\AndroidManifest.xml:190:17-79
	android:name
		ADDED from hy_android_zb\Zhaobiao\AndroidManifest.xml:190:25-76
action#android.net.conn.CONNECTIVITY_CHANGE
ADDED from hy_android_zb\Zhaobiao\AndroidManifest.xml:191:17-79
	android:name
		ADDED from hy_android_zb\Zhaobiao\AndroidManifest.xml:191:25-76
action#android.intent.action.USER_PRESENT
ADDED from hy_android_zb\Zhaobiao\AndroidManifest.xml:192:17-77
	android:name
		ADDED from hy_android_zb\Zhaobiao\AndroidManifest.xml:192:25-74
action#com.igexin.sdk.action.refreshls
ADDED from hy_android_zb\Zhaobiao\AndroidManifest.xml:193:17-74
	android:name
		ADDED from hy_android_zb\Zhaobiao\AndroidManifest.xml:193:25-71
action#android.intent.action.MEDIA_MOUNTED
ADDED from hy_android_zb\Zhaobiao\AndroidManifest.xml:195:17-78
	android:name
		ADDED from hy_android_zb\Zhaobiao\AndroidManifest.xml:195:25-75
action#android.intent.action.ACTION_POWER_CONNECTED
ADDED from hy_android_zb\Zhaobiao\AndroidManifest.xml:196:17-87
	android:name
		ADDED from hy_android_zb\Zhaobiao\AndroidManifest.xml:196:25-84
action#android.intent.action.ACTION_POWER_DISCONNECTED
ADDED from hy_android_zb\Zhaobiao\AndroidManifest.xml:197:17-90
	android:name
		ADDED from hy_android_zb\Zhaobiao\AndroidManifest.xml:197:25-87
receiver#com.igexin.sdk.PushManagerReceiver
ADDED from hy_android_zb\Zhaobiao\AndroidManifest.xml:200:9-206:20
	android:exported
		ADDED from hy_android_zb\Zhaobiao\AndroidManifest.xml:202:13-37
	android:name
		ADDED from hy_android_zb\Zhaobiao\AndroidManifest.xml:201:13-62
intent-filter#com.igexin.sdk.action.pushmanager
ADDED from hy_android_zb\Zhaobiao\AndroidManifest.xml:203:13-205:29
action#com.igexin.sdk.action.pushmanager
ADDED from hy_android_zb\Zhaobiao\AndroidManifest.xml:204:17-76
	android:name
		ADDED from hy_android_zb\Zhaobiao\AndroidManifest.xml:204:25-73
activity#com.igexin.sdk.PushActivity
ADDED from hy_android_zb\Zhaobiao\AndroidManifest.xml:208:9-214:75
	android:process
		ADDED from hy_android_zb\Zhaobiao\AndroidManifest.xml:212:13-43
	android:excludeFromRecents
		ADDED from hy_android_zb\Zhaobiao\AndroidManifest.xml:210:13-46
	android:exported
		ADDED from hy_android_zb\Zhaobiao\AndroidManifest.xml:211:13-37
	android:theme
		ADDED from hy_android_zb\Zhaobiao\AndroidManifest.xml:214:13-72
	android:taskAffinity
		ADDED from hy_android_zb\Zhaobiao\AndroidManifest.xml:213:13-67
	android:name
		ADDED from hy_android_zb\Zhaobiao\AndroidManifest.xml:209:13-55
activity#com.igexin.sdk.GActivity
ADDED from hy_android_zb\Zhaobiao\AndroidManifest.xml:215:9-221:75
	android:process
		ADDED from hy_android_zb\Zhaobiao\AndroidManifest.xml:219:13-43
	android:excludeFromRecents
		ADDED from hy_android_zb\Zhaobiao\AndroidManifest.xml:217:13-46
	android:exported
		ADDED from hy_android_zb\Zhaobiao\AndroidManifest.xml:218:13-36
	android:theme
		ADDED from hy_android_zb\Zhaobiao\AndroidManifest.xml:221:13-72
	android:taskAffinity
		ADDED from hy_android_zb\Zhaobiao\AndroidManifest.xml:220:13-67
	android:name
		ADDED from hy_android_zb\Zhaobiao\AndroidManifest.xml:216:13-52
service#com.igexin.download.DownloadService
ADDED from hy_android_zb\Zhaobiao\AndroidManifest.xml:223:9-225:46
	android:process
		ADDED from hy_android_zb\Zhaobiao\AndroidManifest.xml:225:13-43
	android:name
		ADDED from hy_android_zb\Zhaobiao\AndroidManifest.xml:224:13-63
receiver#com.igexin.download.DownloadReceiver
ADDED from hy_android_zb\Zhaobiao\AndroidManifest.xml:227:9-231:20
	android:name
		ADDED from hy_android_zb\Zhaobiao\AndroidManifest.xml:227:19-70
intent-filter#android.net.conn.CONNECTIVITY_CHANGE
ADDED from hy_android_zb\Zhaobiao\AndroidManifest.xml:228:13-230:29
provider#com.igexin.download.DownloadProvider
ADDED from hy_android_zb\Zhaobiao\AndroidManifest.xml:233:9-237:46
	android:authorities
		ADDED from hy_android_zb\Zhaobiao\AndroidManifest.xml:235:13-64
	android:process
		ADDED from hy_android_zb\Zhaobiao\AndroidManifest.xml:237:13-43
	android:exported
		ADDED from hy_android_zb\Zhaobiao\AndroidManifest.xml:236:13-36
	android:name
		ADDED from hy_android_zb\Zhaobiao\AndroidManifest.xml:234:13-64
activity#com.igexin.getuiext.activity.GetuiExtActivity
ADDED from hy_android_zb\Zhaobiao\AndroidManifest.xml:239:9-246:75
	android:process
		ADDED from hy_android_zb\Zhaobiao\AndroidManifest.xml:244:13-43
	android:excludeFromRecents
		ADDED from hy_android_zb\Zhaobiao\AndroidManifest.xml:242:13-46
	android:exported
		ADDED from hy_android_zb\Zhaobiao\AndroidManifest.xml:243:13-37
	android:configChanges
		ADDED from hy_android_zb\Zhaobiao\AndroidManifest.xml:241:13-72
	android:theme
		ADDED from hy_android_zb\Zhaobiao\AndroidManifest.xml:246:13-72
	android:taskAffinity
		ADDED from hy_android_zb\Zhaobiao\AndroidManifest.xml:245:13-62
	android:name
		ADDED from hy_android_zb\Zhaobiao\AndroidManifest.xml:240:13-73
receiver#com.igexin.getuiext.service.PayloadReceiver
ADDED from hy_android_zb\Zhaobiao\AndroidManifest.xml:248:9-255:20
	android:exported
		ADDED from hy_android_zb\Zhaobiao\AndroidManifest.xml:250:13-37
	android:name
		ADDED from hy_android_zb\Zhaobiao\AndroidManifest.xml:249:13-71
intent-filter#com.igexin.sdk.action.7fjUl2Z3LH6xYy7NQK4ni4+com.igexin.sdk.action.otNMzfOiCaAfiPCC1MVne9
ADDED from hy_android_zb\Zhaobiao\AndroidManifest.xml:251:13-254:29
action#com.igexin.sdk.action.7fjUl2Z3LH6xYy7NQK4ni4
ADDED from hy_android_zb\Zhaobiao\AndroidManifest.xml:252:17-87
	android:name
		ADDED from hy_android_zb\Zhaobiao\AndroidManifest.xml:252:25-84
service#com.igexin.getuiext.service.GetuiExtService
ADDED from hy_android_zb\Zhaobiao\AndroidManifest.xml:257:9-259:46
	android:process
		ADDED from hy_android_zb\Zhaobiao\AndroidManifest.xml:259:13-43
	android:name
		ADDED from hy_android_zb\Zhaobiao\AndroidManifest.xml:258:13-71
activity#com.huangyezhaobiao.activity.MainActivity
ADDED from hy_android_zb\Zhaobiao\AndroidManifest.xml:264:9-268:52
	android:screenOrientation
		ADDED from hy_android_zb\Zhaobiao\AndroidManifest.xml:268:13-49
	android:label
		ADDED from hy_android_zb\Zhaobiao\AndroidManifest.xml:266:13-45
	android:launchMode
		ADDED from hy_android_zb\Zhaobiao\AndroidManifest.xml:267:13-44
	android:name
		ADDED from hy_android_zb\Zhaobiao\AndroidManifest.xml:265:13-50
activity#com.huangyezhaobiao.activity.OrderDetailActivity
ADDED from hy_android_zb\Zhaobiao\AndroidManifest.xml:269:9-272:52
	android:screenOrientation
		ADDED from hy_android_zb\Zhaobiao\AndroidManifest.xml:272:13-49
	android:label
		ADDED from hy_android_zb\Zhaobiao\AndroidManifest.xml:271:13-45
	android:name
		ADDED from hy_android_zb\Zhaobiao\AndroidManifest.xml:270:13-57
activity#com.huangyezhaobiao.activity.SystemNotiListActivity
ADDED from hy_android_zb\Zhaobiao\AndroidManifest.xml:273:9-275:52
	android:screenOrientation
		ADDED from hy_android_zb\Zhaobiao\AndroidManifest.xml:275:13-49
	android:name
		ADDED from hy_android_zb\Zhaobiao\AndroidManifest.xml:274:13-60
activity#com.huangyezhaobiao.activity.HelpActivity
ADDED from hy_android_zb\Zhaobiao\AndroidManifest.xml:276:9-280:52
	android:process
		ADDED from hy_android_zb\Zhaobiao\AndroidManifest.xml:279:13-39
	android:screenOrientation
		ADDED from hy_android_zb\Zhaobiao\AndroidManifest.xml:280:13-49
	android:label
		ADDED from hy_android_zb\Zhaobiao\AndroidManifest.xml:278:13-45
	android:name
		ADDED from hy_android_zb\Zhaobiao\AndroidManifest.xml:277:13-50
activity#com.huangyezhaobiao.activity.AboutActivity
ADDED from hy_android_zb\Zhaobiao\AndroidManifest.xml:281:9-284:52
	android:screenOrientation
		ADDED from hy_android_zb\Zhaobiao\AndroidManifest.xml:284:13-49
	android:label
		ADDED from hy_android_zb\Zhaobiao\AndroidManifest.xml:283:13-45
	android:name
		ADDED from hy_android_zb\Zhaobiao\AndroidManifest.xml:282:13-51
activity#com.huangyezhaobiao.activity.SystemActiveActivity
ADDED from hy_android_zb\Zhaobiao\AndroidManifest.xml:285:9-288:52
	android:process
		ADDED from hy_android_zb\Zhaobiao\AndroidManifest.xml:287:13-39
	android:screenOrientation
		ADDED from hy_android_zb\Zhaobiao\AndroidManifest.xml:288:13-49
	android:name
		ADDED from hy_android_zb\Zhaobiao\AndroidManifest.xml:286:13-58
activity#com.huangyezhaobiao.activity.SystemNotiDetailActivity
ADDED from hy_android_zb\Zhaobiao\AndroidManifest.xml:289:9-291:52
	android:screenOrientation
		ADDED from hy_android_zb\Zhaobiao\AndroidManifest.xml:291:13-49
	android:name
		ADDED from hy_android_zb\Zhaobiao\AndroidManifest.xml:290:13-62
activity#com.huangyezhaobiao.activity.YuEDetailActivity
ADDED from hy_android_zb\Zhaobiao\AndroidManifest.xml:292:9-294:52
	android:screenOrientation
		ADDED from hy_android_zb\Zhaobiao\AndroidManifest.xml:294:13-49
	android:name
		ADDED from hy_android_zb\Zhaobiao\AndroidManifest.xml:293:13-55
activity#com.huangyezhaobiao.activity.OtherDetailActivity
ADDED from hy_android_zb\Zhaobiao\AndroidManifest.xml:295:9-297:52
	android:screenOrientation
		ADDED from hy_android_zb\Zhaobiao\AndroidManifest.xml:297:13-49
	android:name
		ADDED from hy_android_zb\Zhaobiao\AndroidManifest.xml:296:13-57
activity#com.huangyezhaobiao.activity.UserFeedBackActivity
ADDED from hy_android_zb\Zhaobiao\AndroidManifest.xml:298:9-300:52
	android:screenOrientation
		ADDED from hy_android_zb\Zhaobiao\AndroidManifest.xml:300:13-49
	android:name
		ADDED from hy_android_zb\Zhaobiao\AndroidManifest.xml:299:13-58
activity#com.huangyezhaobiao.activity.FetchDetailsActivity
ADDED from hy_android_zb\Zhaobiao\AndroidManifest.xml:301:9-303:52
	android:screenOrientation
		ADDED from hy_android_zb\Zhaobiao\AndroidManifest.xml:303:13-49
	android:name
		ADDED from hy_android_zb\Zhaobiao\AndroidManifest.xml:302:13-58
activity#com.huangyezhaobiao.activity.MobileValidateActivity
ADDED from hy_android_zb\Zhaobiao\AndroidManifest.xml:304:9-307:52
	android:screenOrientation
		ADDED from hy_android_zb\Zhaobiao\AndroidManifest.xml:307:13-49
	android:launchMode
		ADDED from hy_android_zb\Zhaobiao\AndroidManifest.xml:306:13-44
	android:name
		ADDED from hy_android_zb\Zhaobiao\AndroidManifest.xml:305:13-60
activity#com.huangyezhaobiao.activity.BidFailureActivity
ADDED from hy_android_zb\Zhaobiao\AndroidManifest.xml:308:9-310:52
	android:screenOrientation
		ADDED from hy_android_zb\Zhaobiao\AndroidManifest.xml:310:13-49
	android:name
		ADDED from hy_android_zb\Zhaobiao\AndroidManifest.xml:309:13-56
activity#com.huangyezhaobiao.activity.BidGoneActivity
ADDED from hy_android_zb\Zhaobiao\AndroidManifest.xml:311:9-313:52
	android:screenOrientation
		ADDED from hy_android_zb\Zhaobiao\AndroidManifest.xml:313:13-49
	android:name
		ADDED from hy_android_zb\Zhaobiao\AndroidManifest.xml:312:13-53
activity#com.huangyezhaobiao.activity.BidSuccessActivity
ADDED from hy_android_zb\Zhaobiao\AndroidManifest.xml:314:9-316:52
	android:screenOrientation
		ADDED from hy_android_zb\Zhaobiao\AndroidManifest.xml:316:13-49
	android:name
		ADDED from hy_android_zb\Zhaobiao\AndroidManifest.xml:315:13-56
activity#com.huangyezhaobiao.activity.RefundActivity
ADDED from hy_android_zb\Zhaobiao\AndroidManifest.xml:317:9-320:70
	android:screenOrientation
		ADDED from hy_android_zb\Zhaobiao\AndroidManifest.xml:319:13-49
	android:windowSoftInputMode
		ADDED from hy_android_zb\Zhaobiao\AndroidManifest.xml:320:13-67
	android:name
		ADDED from hy_android_zb\Zhaobiao\AndroidManifest.xml:318:13-52
activity#com.huangyezhaobiao.activity.SplashActivity
ADDED from hy_android_zb\Zhaobiao\AndroidManifest.xml:321:9-332:20
	android:screenOrientation
		ADDED from hy_android_zb\Zhaobiao\AndroidManifest.xml:325:13-49
	android:launchMode
		ADDED from hy_android_zb\Zhaobiao\AndroidManifest.xml:323:13-44
	android:noHistory
		ADDED from hy_android_zb\Zhaobiao\AndroidManifest.xml:324:13-37
	android:theme
		ADDED from hy_android_zb\Zhaobiao\AndroidManifest.xml:326:13-45
	android:name
		ADDED from hy_android_zb\Zhaobiao\AndroidManifest.xml:322:13-52
intent-filter#android.intent.action.MAIN+android.intent.category.LAUNCHER
ADDED from hy_android_zb\Zhaobiao\AndroidManifest.xml:327:13-331:29
action#android.intent.action.MAIN
ADDED from hy_android_zb\Zhaobiao\AndroidManifest.xml:328:17-69
	android:name
		ADDED from hy_android_zb\Zhaobiao\AndroidManifest.xml:328:25-66
category#android.intent.category.LAUNCHER
ADDED from hy_android_zb\Zhaobiao\AndroidManifest.xml:330:17-77
	android:name
		ADDED from hy_android_zb\Zhaobiao\AndroidManifest.xml:330:27-74
activity#com.huangyezhaobiao.activity.BlankActivity
ADDED from hy_android_zb\Zhaobiao\AndroidManifest.xml:333:9-335:52
	android:screenOrientation
		ADDED from hy_android_zb\Zhaobiao\AndroidManifest.xml:335:13-49
	android:name
		ADDED from hy_android_zb\Zhaobiao\AndroidManifest.xml:334:13-51
activity#com.huangyezhaobiao.activity.LockActivity
ADDED from hy_android_zb\Zhaobiao\AndroidManifest.xml:336:9-341:73
	android:screenOrientation
		ADDED from hy_android_zb\Zhaobiao\AndroidManifest.xml:340:13-49
	android:launchMode
		ADDED from hy_android_zb\Zhaobiao\AndroidManifest.xml:338:13-48
	android:noHistory
		ADDED from hy_android_zb\Zhaobiao\AndroidManifest.xml:339:13-37
	android:theme
		ADDED from hy_android_zb\Zhaobiao\AndroidManifest.xml:341:13-70
	android:name
		ADDED from hy_android_zb\Zhaobiao\AndroidManifest.xml:337:13-50
activity#com.huangyezhaobiao.activity.GuideActivity
ADDED from hy_android_zb\Zhaobiao\AndroidManifest.xml:342:9-344:52
	android:screenOrientation
		ADDED from hy_android_zb\Zhaobiao\AndroidManifest.xml:344:13-49
	android:name
		ADDED from hy_android_zb\Zhaobiao\AndroidManifest.xml:343:13-51
activity#com.huangyezhaobiao.activity.MyWalletActivity
ADDED from hy_android_zb\Zhaobiao\AndroidManifest.xml:345:9-347:52
	android:screenOrientation
		ADDED from hy_android_zb\Zhaobiao\AndroidManifest.xml:347:13-49
	android:name
		ADDED from hy_android_zb\Zhaobiao\AndroidManifest.xml:346:13-54
activity#com.huangyezhaobiao.activity.IntroduceFunctionActivity